{"/app/src/App.jsx": {"path":"/app/src/App.jsx","statementMap":{"0":{"start":{"line":4,"column":2},"end":{"line":4,"column":null}}},"fnMap":{"0":{"name":"App","decl":{"start":{"line":3,"column":9},"end":{"line":3,"column":15}},"loc":{"start":{"line":3,"column":15},"end":{"line":5,"column":null}},"line":3}},"branchMap":{},"s":{"0":0},"f":{"0":0},"b":{},"meta":{"lastBranch":0,"lastFunction":1,"lastStatement":1,"seen":{"f:3:9:3:15":0,"s:4:2:4:Infinity":0},"fnNames":{}}}
,"/app/src/components/PuzzleApp.jsx": {"path":"/app/src/components/PuzzleApp.jsx","statementMap":{"0":{"start":{"line":13,"column":23},"end":{"line":17,"column":null}},"1":{"start":{"line":26,"column":12},"end":{"line":26,"column":null}},"2":{"start":{"line":27,"column":8},"end":{"line":27,"column":null}},"3":{"start":{"line":28,"column":2},"end":{"line":28,"column":null}},"4":{"start":{"line":38,"column":2},"end":{"line":39,"column":null}},"5":{"start":{"line":39,"column":4},"end":{"line":39,"column":null}},"6":{"start":{"line":40,"column":2},"end":{"line":41,"column":null}},"7":{"start":{"line":41,"column":4},"end":{"line":41,"column":null}},"8":{"start":{"line":42,"column":2},"end":{"line":42,"column":null}},"9":{"start":{"line":54,"column":17},"end":{"line":54,"column":null}},"10":{"start":{"line":55,"column":2},"end":{"line":57,"column":null}},"11":{"start":{"line":56,"column":4},"end":{"line":56,"column":null}},"12":{"start":{"line":58,"column":2},"end":{"line":58,"column":null}},"13":{"start":{"line":79,"column":4},"end":{"line":80,"column":null}},"14":{"start":{"line":82,"column":24},"end":{"line":82,"column":null}},"15":{"start":{"line":83,"column":29},"end":{"line":83,"column":null}},"16":{"start":{"line":84,"column":22},"end":{"line":84,"column":null}},"17":{"start":{"line":85,"column":26},"end":{"line":85,"column":null}},"18":{"start":{"line":88,"column":8},"end":{"line":88,"column":null}},"19":{"start":{"line":94,"column":8},"end":{"line":94,"column":null}},"20":{"start":{"line":97,"column":8},"end":{"line":97,"column":null}},"21":{"start":{"line":98,"column":8},"end":{"line":98,"column":null}},"22":{"start":{"line":99,"column":8},"end":{"line":99,"column":null}},"23":{"start":{"line":100,"column":8},"end":{"line":100,"column":null}},"24":{"start":{"line":103,"column":8},"end":{"line":103,"column":null}},"25":{"start":{"line":104,"column":8},"end":{"line":104,"column":null}},"26":{"start":{"line":105,"column":8},"end":{"line":105,"column":null}},"27":{"start":{"line":106,"column":8},"end":{"line":106,"column":null}},"28":{"start":{"line":107,"column":2},"end":{"line":107,"column":null}},"29":{"start":{"line":107,"column":20},"end":{"line":107,"column":54}},"30":{"start":{"line":108,"column":2},"end":{"line":108,"column":null}},"31":{"start":{"line":108,"column":20},"end":{"line":108,"column":55}},"32":{"start":{"line":109,"column":2},"end":{"line":109,"column":null}},"33":{"start":{"line":109,"column":20},"end":{"line":109,"column":51}},"34":{"start":{"line":110,"column":2},"end":{"line":110,"column":null}},"35":{"start":{"line":110,"column":20},"end":{"line":110,"column":50}},"36":{"start":{"line":119,"column":8},"end":{"line":123,"column":null}},"37":{"start":{"line":120,"column":4},"end":{"line":120,"column":null}},"38":{"start":{"line":120,"column":28},"end":{"line":120,"column":null}},"39":{"start":{"line":121,"column":48},"end":{"line":121,"column":null}},"40":{"start":{"line":122,"column":4},"end":{"line":122,"column":null}},"41":{"start":{"line":125,"column":2},"end":{"line":130,"column":null}},"42":{"start":{"line":126,"column":4},"end":{"line":126,"column":null}},"43":{"start":{"line":127,"column":15},"end":{"line":127,"column":null}},"44":{"start":{"line":128,"column":4},"end":{"line":128,"column":null}},"45":{"start":{"line":128,"column":27},"end":{"line":128,"column":null}},"46":{"start":{"line":129,"column":4},"end":{"line":129,"column":null}},"47":{"start":{"line":129,"column":17},"end":{"line":129,"column":null}},"48":{"start":{"line":134,"column":2},"end":{"line":139,"column":null}},"49":{"start":{"line":136,"column":14},"end":{"line":136,"column":null}},"50":{"start":{"line":136,"column":31},"end":{"line":136,"column":80}},"51":{"start":{"line":137,"column":4},"end":{"line":137,"column":null}},"52":{"start":{"line":137,"column":17},"end":{"line":137,"column":null}},"53":{"start":{"line":151,"column":8},"end":{"line":201,"column":null}},"54":{"start":{"line":152,"column":4},"end":{"line":152,"column":null}},"55":{"start":{"line":152,"column":26},"end":{"line":152,"column":null}},"56":{"start":{"line":153,"column":4},"end":{"line":153,"column":null}},"57":{"start":{"line":153,"column":22},"end":{"line":153,"column":null}},"58":{"start":{"line":155,"column":19},"end":{"line":155,"column":null}},"59":{"start":{"line":156,"column":25},"end":{"line":158,"column":null}},"60":{"start":{"line":157,"column":21},"end":{"line":157,"column":48}},"61":{"start":{"line":158,"column":19},"end":{"line":158,"column":58}},"62":{"start":{"line":160,"column":4},"end":{"line":165,"column":null}},"63":{"start":{"line":166,"column":4},"end":{"line":166,"column":null}},"64":{"start":{"line":168,"column":4},"end":{"line":177,"column":null}},"65":{"start":{"line":169,"column":19},"end":{"line":169,"column":null}},"66":{"start":{"line":170,"column":6},"end":{"line":170,"column":null}},"67":{"start":{"line":170,"column":25},"end":{"line":170,"column":null}},"68":{"start":{"line":171,"column":16},"end":{"line":171,"column":null}},"69":{"start":{"line":172,"column":6},"end":{"line":176,"column":null}},"70":{"start":{"line":179,"column":4},"end":{"line":189,"column":null}},"71":{"start":{"line":180,"column":26},"end":{"line":180,"column":null}},"72":{"start":{"line":181,"column":6},"end":{"line":181,"column":null}},"73":{"start":{"line":181,"column":20},"end":{"line":181,"column":null}},"74":{"start":{"line":182,"column":6},"end":{"line":182,"column":null}},"75":{"start":{"line":183,"column":6},"end":{"line":183,"column":null}},"76":{"start":{"line":184,"column":6},"end":{"line":184,"column":null}},"77":{"start":{"line":185,"column":6},"end":{"line":185,"column":null}},"78":{"start":{"line":186,"column":6},"end":{"line":186,"column":null}},"79":{"start":{"line":187,"column":6},"end":{"line":187,"column":null}},"80":{"start":{"line":188,"column":6},"end":{"line":188,"column":null}},"81":{"start":{"line":191,"column":4},"end":{"line":194,"column":null}},"82":{"start":{"line":192,"column":6},"end":{"line":192,"column":null}},"83":{"start":{"line":192,"column":25},"end":{"line":192,"column":null}},"84":{"start":{"line":193,"column":6},"end":{"line":193,"column":null}},"85":{"start":{"line":195,"column":4},"end":{"line":195,"column":null}},"86":{"start":{"line":195,"column":31},"end":{"line":195,"column":null}},"87":{"start":{"line":197,"column":4},"end":{"line":197,"column":null}},"88":{"start":{"line":198,"column":4},"end":{"line":198,"column":null}},"89":{"start":{"line":199,"column":4},"end":{"line":199,"column":null}},"90":{"start":{"line":200,"column":4},"end":{"line":200,"column":null}},"91":{"start":{"line":207,"column":8},"end":{"line":219,"column":null}},"92":{"start":{"line":208,"column":17},"end":{"line":208,"column":null}},"93":{"start":{"line":209,"column":4},"end":{"line":209,"column":null}},"94":{"start":{"line":209,"column":15},"end":{"line":209,"column":null}},"95":{"start":{"line":210,"column":19},"end":{"line":210,"column":null}},"96":{"start":{"line":211,"column":4},"end":{"line":217,"column":null}},"97":{"start":{"line":212,"column":22},"end":{"line":212,"column":null}},"98":{"start":{"line":213,"column":6},"end":{"line":216,"column":null}},"99":{"start":{"line":214,"column":8},"end":{"line":214,"column":null}},"100":{"start":{"line":215,"column":8},"end":{"line":215,"column":null}},"101":{"start":{"line":218,"column":4},"end":{"line":218,"column":null}},"102":{"start":{"line":221,"column":8},"end":{"line":224,"column":null}},"103":{"start":{"line":222,"column":4},"end":{"line":222,"column":null}},"104":{"start":{"line":223,"column":4},"end":{"line":223,"column":null}},"105":{"start":{"line":226,"column":8},"end":{"line":226,"column":null}},"106":{"start":{"line":226,"column":28},"end":{"line":226,"column":null}},"107":{"start":{"line":228,"column":8},"end":{"line":231,"column":null}},"108":{"start":{"line":229,"column":4},"end":{"line":229,"column":null}},"109":{"start":{"line":230,"column":4},"end":{"line":230,"column":null}},"110":{"start":{"line":233,"column":22},"end":{"line":233,"column":null}},"111":{"start":{"line":237,"column":2},"end":{"line":419,"column":null}},"112":{"start":{"line":270,"column":16},"end":{"line":276,"column":null}},"113":{"start":{"line":273,"column":33},"end":{"line":273,"column":null}},"114":{"start":{"line":285,"column":16},"end":{"line":294,"column":null}},"115":{"start":{"line":288,"column":33},"end":{"line":288,"column":null}},"116":{"start":{"line":308,"column":31},"end":{"line":308,"column":null}},"117":{"start":{"line":308,"column":53},"end":{"line":308,"column":55}},"118":{"start":{"line":361,"column":35},"end":{"line":361,"column":null}},"119":{"start":{"line":362,"column":16},"end":{"line":387,"column":null}},"120":{"start":{"line":385,"column":40},"end":{"line":385,"column":null}},"121":{"start":{"line":386,"column":41},"end":{"line":386,"column":null}}},"fnMap":{"0":{"name":"formatTime","decl":{"start":{"line":25,"column":9},"end":{"line":25,"column":20}},"loc":{"start":{"line":25,"column":29},"end":{"line":29,"column":null}},"line":25},"1":{"name":"getEventCoords","decl":{"start":{"line":37,"column":9},"end":{"line":37,"column":24}},"loc":{"start":{"line":37,"column":27},"end":{"line":43,"column":null}},"line":37},"2":{"name":"largestGroupSize","decl":{"start":{"line":53,"column":9},"end":{"line":53,"column":26}},"loc":{"start":{"line":53,"column":34},"end":{"line":59,"column":null}},"line":53},"3":{"name":"PuzzleApp","decl":{"start":{"line":66,"column":24},"end":{"line":66,"column":36}},"loc":{"start":{"line":66,"column":36},"end":{"line":421,"column":null}},"line":66},"4":{"name":"(anonymous_4)","decl":{"start":{"line":107,"column":2},"end":{"line":107,"column":18}},"loc":{"start":{"line":107,"column":18},"end":{"line":107,"column":57}},"line":107},"5":{"name":"(anonymous_5)","decl":{"start":{"line":108,"column":2},"end":{"line":108,"column":18}},"loc":{"start":{"line":108,"column":18},"end":{"line":108,"column":58}},"line":108},"6":{"name":"(anonymous_6)","decl":{"start":{"line":109,"column":2},"end":{"line":109,"column":18}},"loc":{"start":{"line":109,"column":18},"end":{"line":109,"column":57}},"line":109},"7":{"name":"(anonymous_7)","decl":{"start":{"line":110,"column":2},"end":{"line":110,"column":18}},"loc":{"start":{"line":110,"column":18},"end":{"line":110,"column":57}},"line":110},"8":{"name":"(anonymous_8)","decl":{"start":{"line":119,"column":24},"end":{"line":119,"column":42}},"loc":{"start":{"line":119,"column":42},"end":{"line":123,"column":5}},"line":119},"9":{"name":"(anonymous_9)","decl":{"start":{"line":125,"column":2},"end":{"line":125,"column":18}},"loc":{"start":{"line":125,"column":18},"end":{"line":130,"column":5}},"line":125},"10":{"name":"(anonymous_10)","decl":{"start":{"line":129,"column":4},"end":{"line":129,"column":17}},"loc":{"start":{"line":129,"column":17},"end":{"line":129,"column":null}},"line":129},"11":{"name":"(anonymous_11)","decl":{"start":{"line":134,"column":2},"end":{"line":134,"column":18}},"loc":{"start":{"line":134,"column":18},"end":{"line":139,"column":5}},"line":134},"12":{"name":"(anonymous_12)","decl":{"start":{"line":136,"column":14},"end":{"line":136,"column":31}},"loc":{"start":{"line":136,"column":31},"end":{"line":136,"column":80}},"line":136},"13":{"name":"(anonymous_13)","decl":{"start":{"line":137,"column":4},"end":{"line":137,"column":17}},"loc":{"start":{"line":137,"column":17},"end":{"line":137,"column":null}},"line":137},"14":{"name":"(anonymous_14)","decl":{"start":{"line":151,"column":26},"end":{"line":151,"column":39}},"loc":{"start":{"line":151,"column":52},"end":{"line":201,"column":5}},"line":151},"15":{"name":"(anonymous_15)","decl":{"start":{"line":157,"column":7},"end":{"line":157,"column":15}},"loc":{"start":{"line":157,"column":21},"end":{"line":157,"column":48}},"line":157},"16":{"name":"(anonymous_16)","decl":{"start":{"line":158,"column":7},"end":{"line":158,"column":12}},"loc":{"start":{"line":158,"column":19},"end":{"line":158,"column":58}},"line":158},"17":{"name":"(anonymous_17)","decl":{"start":{"line":168,"column":16},"end":{"line":168,"column":27}},"loc":{"start":{"line":168,"column":34},"end":{"line":177,"column":null}},"line":168},"18":{"name":"(anonymous_18)","decl":{"start":{"line":179,"column":14},"end":{"line":179,"column":30}},"loc":{"start":{"line":179,"column":30},"end":{"line":189,"column":null}},"line":179},"19":{"name":"(anonymous_19)","decl":{"start":{"line":191,"column":16},"end":{"line":191,"column":27}},"loc":{"start":{"line":191,"column":34},"end":{"line":194,"column":null}},"line":191},"20":{"name":"(anonymous_20)","decl":{"start":{"line":195,"column":15},"end":{"line":195,"column":31}},"loc":{"start":{"line":195,"column":31},"end":{"line":195,"column":null}},"line":195},"21":{"name":"(anonymous_21)","decl":{"start":{"line":207,"column":8},"end":{"line":207,"column":28}},"loc":{"start":{"line":207,"column":34},"end":{"line":219,"column":null}},"line":207},"22":{"name":"(anonymous_22)","decl":{"start":{"line":211,"column":11},"end":{"line":211,"column":21}},"loc":{"start":{"line":211,"column":28},"end":{"line":217,"column":null}},"line":211},"23":{"name":"(anonymous_23)","decl":{"start":{"line":221,"column":8},"end":{"line":221,"column":34}},"loc":{"start":{"line":221,"column":43},"end":{"line":224,"column":null}},"line":221},"24":{"name":"(anonymous_24)","decl":{"start":{"line":226,"column":8},"end":{"line":226,"column":28}},"loc":{"start":{"line":226,"column":28},"end":{"line":226,"column":null}},"line":226},"25":{"name":"(anonymous_25)","decl":{"start":{"line":228,"column":8},"end":{"line":228,"column":30}},"loc":{"start":{"line":228,"column":38},"end":{"line":231,"column":null}},"line":228},"26":{"name":"(anonymous_26)","decl":{"start":{"line":269,"column":42},"end":{"line":269,"column":47}},"loc":{"start":{"line":270,"column":16},"end":{"line":276,"column":null}},"line":270},"27":{"name":"(anonymous_27)","decl":{"start":{"line":273,"column":18},"end":{"line":273,"column":33}},"loc":{"start":{"line":273,"column":33},"end":{"line":273,"column":null}},"line":273},"28":{"name":"(anonymous_28)","decl":{"start":{"line":284,"column":30},"end":{"line":284,"column":35}},"loc":{"start":{"line":285,"column":16},"end":{"line":294,"column":null}},"line":285},"29":{"name":"(anonymous_29)","decl":{"start":{"line":288,"column":18},"end":{"line":288,"column":33}},"loc":{"start":{"line":288,"column":33},"end":{"line":288,"column":null}},"line":288},"30":{"name":"(anonymous_30)","decl":{"start":{"line":308,"column":16},"end":{"line":308,"column":31}},"loc":{"start":{"line":308,"column":31},"end":{"line":308,"column":null}},"line":308},"31":{"name":"(anonymous_31)","decl":{"start":{"line":308,"column":31},"end":{"line":308,"column":47}},"loc":{"start":{"line":308,"column":53},"end":{"line":308,"column":55}},"line":308},"32":{"name":"(anonymous_32)","decl":{"start":{"line":360,"column":22},"end":{"line":360,"column":27}},"loc":{"start":{"line":360,"column":37},"end":{"line":389,"column":15}},"line":360},"33":{"name":"(anonymous_33)","decl":{"start":{"line":385,"column":20},"end":{"line":385,"column":34}},"loc":{"start":{"line":385,"column":40},"end":{"line":385,"column":null}},"line":385},"34":{"name":"(anonymous_34)","decl":{"start":{"line":386,"column":20},"end":{"line":386,"column":35}},"loc":{"start":{"line":386,"column":41},"end":{"line":386,"column":null}},"line":386}},"branchMap":{"0":{"loc":{"start":{"line":38,"column":2},"end":{"line":39,"column":null}},"type":"if","locations":[{"start":{"line":38,"column":2},"end":{"line":39,"column":null}},{"start":{},"end":{}}],"line":38},"1":{"loc":{"start":{"line":38,"column":6},"end":{"line":38,"column":null}},"type":"binary-expr","locations":[{"start":{"line":38,"column":6},"end":{"line":38,"column":19}},{"start":{"line":38,"column":19},"end":{"line":38,"column":null}}],"line":38},"2":{"loc":{"start":{"line":40,"column":2},"end":{"line":41,"column":null}},"type":"if","locations":[{"start":{"line":40,"column":2},"end":{"line":41,"column":null}},{"start":{},"end":{}}],"line":40},"3":{"loc":{"start":{"line":40,"column":6},"end":{"line":40,"column":null}},"type":"binary-expr","locations":[{"start":{"line":40,"column":6},"end":{"line":40,"column":26}},{"start":{"line":40,"column":26},"end":{"line":40,"column":null}}],"line":40},"4":{"loc":{"start":{"line":56,"column":31},"end":{"line":56,"column":65}},"type":"binary-expr","locations":[{"start":{"line":56,"column":31},"end":{"line":56,"column":60}},{"start":{"line":56,"column":60},"end":{"line":56,"column":65}}],"line":56},"5":{"loc":{"start":{"line":58,"column":9},"end":{"line":58,"column":null}},"type":"cond-expr","locations":[{"start":{"line":58,"column":27},"end":{"line":58,"column":58}},{"start":{"line":58,"column":58},"end":{"line":58,"column":null}}],"line":58},"6":{"loc":{"start":{"line":120,"column":4},"end":{"line":120,"column":null}},"type":"if","locations":[{"start":{"line":120,"column":4},"end":{"line":120,"column":null}},{"start":{},"end":{}}],"line":120},"7":{"loc":{"start":{"line":128,"column":4},"end":{"line":128,"column":null}},"type":"if","locations":[{"start":{"line":128,"column":4},"end":{"line":128,"column":null}},{"start":{},"end":{}}],"line":128},"8":{"loc":{"start":{"line":152,"column":4},"end":{"line":152,"column":null}},"type":"if","locations":[{"start":{"line":152,"column":4},"end":{"line":152,"column":null}},{"start":{},"end":{}}],"line":152},"9":{"loc":{"start":{"line":153,"column":4},"end":{"line":153,"column":null}},"type":"if","locations":[{"start":{"line":153,"column":4},"end":{"line":153,"column":null}},{"start":{},"end":{}}],"line":153},"10":{"loc":{"start":{"line":170,"column":6},"end":{"line":170,"column":null}},"type":"if","locations":[{"start":{"line":170,"column":6},"end":{"line":170,"column":null}},{"start":{},"end":{}}],"line":170},"11":{"loc":{"start":{"line":181,"column":6},"end":{"line":181,"column":null}},"type":"if","locations":[{"start":{"line":181,"column":6},"end":{"line":181,"column":null}},{"start":{},"end":{}}],"line":181},"12":{"loc":{"start":{"line":192,"column":6},"end":{"line":192,"column":null}},"type":"if","locations":[{"start":{"line":192,"column":6},"end":{"line":192,"column":null}},{"start":{},"end":{}}],"line":192},"13":{"loc":{"start":{"line":209,"column":4},"end":{"line":209,"column":null}},"type":"if","locations":[{"start":{"line":209,"column":4},"end":{"line":209,"column":null}},{"start":{},"end":{}}],"line":209},"14":{"loc":{"start":{"line":213,"column":6},"end":{"line":216,"column":null}},"type":"if","locations":[{"start":{"line":213,"column":6},"end":{"line":216,"column":null}},{"start":{},"end":{}}],"line":213},"15":{"loc":{"start":{"line":257,"column":15},"end":{"line":257,"column":null}},"type":"cond-expr","locations":[{"start":{"line":257,"column":35},"end":{"line":257,"column":71}},{"start":{"line":257,"column":71},"end":{"line":257,"column":null}}],"line":257},"16":{"loc":{"start":{"line":272,"column":53},"end":{"line":272,"column":null}},"type":"cond-expr","locations":[{"start":{"line":272,"column":83},"end":{"line":272,"column":102}},{"start":{"line":272,"column":102},"end":{"line":272,"column":null}}],"line":272},"17":{"loc":{"start":{"line":275,"column":19},"end":{"line":275,"column":76}},"type":"cond-expr","locations":[{"start":{"line":275,"column":37},"end":{"line":275,"column":44}},{"start":{"line":275,"column":44},"end":{"line":275,"column":76}}],"line":275},"18":{"loc":{"start":{"line":275,"column":44},"end":{"line":275,"column":76}},"type":"cond-expr","locations":[{"start":{"line":275,"column":64},"end":{"line":275,"column":71}},{"start":{"line":275,"column":71},"end":{"line":275,"column":76}}],"line":275},"19":{"loc":{"start":{"line":287,"column":52},"end":{"line":287,"column":null}},"type":"cond-expr","locations":[{"start":{"line":287,"column":86},"end":{"line":287,"column":108}},{"start":{"line":287,"column":108},"end":{"line":287,"column":null}}],"line":287},"20":{"loc":{"start":{"line":307,"column":51},"end":{"line":307,"column":null}},"type":"cond-expr","locations":[{"start":{"line":307,"column":65},"end":{"line":307,"column":84}},{"start":{"line":307,"column":84},"end":{"line":307,"column":null}}],"line":307},"21":{"loc":{"start":{"line":310,"column":21},"end":{"line":310,"column":null}},"type":"cond-expr","locations":[{"start":{"line":310,"column":35},"end":{"line":310,"column":50}},{"start":{"line":310,"column":50},"end":{"line":310,"column":null}}],"line":310},"22":{"loc":{"start":{"line":319,"column":11},"end":{"line":331,"column":null}},"type":"binary-expr","locations":[{"start":{"line":319,"column":11},"end":{"line":319,"column":null}},{"start":{"line":320,"column":12},"end":{"line":331,"column":null}}],"line":319},"23":{"loc":{"start":{"line":337,"column":11},"end":{"line":341,"column":null}},"type":"binary-expr","locations":[{"start":{"line":337,"column":11},"end":{"line":337,"column":null}},{"start":{"line":338,"column":12},"end":{"line":341,"column":null}}],"line":337},"24":{"loc":{"start":{"line":344,"column":11},"end":{"line":348,"column":null}},"type":"binary-expr","locations":[{"start":{"line":344,"column":11},"end":{"line":344,"column":20}},{"start":{"line":344,"column":20},"end":{"line":344,"column":null}},{"start":{"line":345,"column":12},"end":{"line":348,"column":null}}],"line":344},"25":{"loc":{"start":{"line":351,"column":11},"end":{"line":390,"column":null}},"type":"binary-expr","locations":[{"start":{"line":351,"column":11},"end":{"line":351,"column":25}},{"start":{"line":351,"column":25},"end":{"line":351,"column":35}},{"start":{"line":351,"column":35},"end":{"line":351,"column":null}},{"start":{"line":352,"column":12},"end":{"line":390,"column":null}}],"line":351},"26":{"loc":{"start":{"line":353,"column":15},"end":{"line":360,"column":22}},"type":"binary-expr","locations":[{"start":{"line":353,"column":15},"end":{"line":353,"column":30}},{"start":{"line":353,"column":30},"end":{"line":353,"column":null}},{"start":{"line":354,"column":16},"end":{"line":360,"column":22}}],"line":353},"27":{"loc":{"start":{"line":361,"column":35},"end":{"line":361,"column":null}},"type":"binary-expr","locations":[{"start":{"line":361,"column":35},"end":{"line":361,"column":63}},{"start":{"line":361,"column":63},"end":{"line":361,"column":null}}],"line":361},"28":{"loc":{"start":{"line":376,"column":55},"end":{"line":376,"column":null}},"type":"cond-expr","locations":[{"start":{"line":376,"column":68},"end":{"line":376,"column":86}},{"start":{"line":376,"column":86},"end":{"line":376,"column":null}}],"line":376},"29":{"loc":{"start":{"line":382,"column":30},"end":{"line":382,"column":null}},"type":"cond-expr","locations":[{"start":{"line":382,"column":43},"end":{"line":382,"column":49}},{"start":{"line":382,"column":49},"end":{"line":382,"column":null}}],"line":382},"30":{"loc":{"start":{"line":383,"column":30},"end":{"line":383,"column":null}},"type":"cond-expr","locations":[{"start":{"line":383,"column":38},"end":{"line":383,"column":51}},{"start":{"line":383,"column":51},"end":{"line":383,"column":null}}],"line":383},"31":{"loc":{"start":{"line":383,"column":51},"end":{"line":383,"column":null}},"type":"cond-expr","locations":[{"start":{"line":383,"column":64},"end":{"line":383,"column":77}},{"start":{"line":383,"column":77},"end":{"line":383,"column":null}}],"line":383},"32":{"loc":{"start":{"line":394,"column":11},"end":{"line":415,"column":null}},"type":"binary-expr","locations":[{"start":{"line":394,"column":11},"end":{"line":394,"column":null}},{"start":{"line":395,"column":12},"end":{"line":415,"column":null}}],"line":394}},"s":{"0":1,"1":19,"2":19,"3":19,"4":4,"5":2,"6":2,"7":0,"8":2,"9":18,"10":18,"11":9,"12":18,"13":18,"14":18,"15":18,"16":18,"17":18,"18":18,"19":18,"20":18,"21":18,"22":18,"23":18,"24":18,"25":18,"26":18,"27":18,"28":18,"29":11,"30":18,"31":11,"32":18,"33":11,"34":18,"35":11,"36":18,"37":11,"38":0,"39":11,"40":11,"41":18,"42":11,"43":11,"44":11,"45":11,"46":11,"47":11,"48":18,"49":11,"50":0,"51":11,"52":11,"53":18,"54":2,"55":0,"56":2,"57":2,"58":2,"59":2,"60":2,"61":2,"62":2,"63":2,"64":2,"65":2,"66":2,"67":0,"68":2,"69":2,"70":2,"71":2,"72":2,"73":0,"74":2,"75":2,"76":2,"77":2,"78":2,"79":2,"80":2,"81":2,"82":1,"83":1,"84":1,"85":2,"86":1,"87":2,"88":2,"89":2,"90":2,"91":18,"92":1,"93":1,"94":0,"95":1,"96":1,"97":1,"98":1,"99":1,"100":1,"101":1,"102":18,"103":1,"104":1,"105":18,"106":1,"107":18,"108":1,"109":1,"110":18,"111":18,"112":54,"113":1,"114":54,"115":1,"116":1,"117":1,"118":9,"119":9,"120":1,"121":1},"f":{"0":19,"1":4,"2":18,"3":18,"4":11,"5":11,"6":11,"7":11,"8":11,"9":11,"10":11,"11":11,"12":0,"13":11,"14":2,"15":2,"16":2,"17":2,"18":2,"19":1,"20":1,"21":1,"22":1,"23":1,"24":1,"25":1,"26":54,"27":1,"28":54,"29":1,"30":1,"31":1,"32":9,"33":1,"34":1},"b":{"0":[2,2],"1":[4,2],"2":[0,2],"3":[2,0],"4":[9,9],"5":[9,9],"6":[0,11],"7":[11,0],"8":[0,2],"9":[2,0],"10":[0,2],"11":[0,2],"12":[1,0],"13":[0,1],"14":[1,0],"15":[9,9],"16":[18,36],"17":[18,36],"18":[18,18],"19":[17,37],"20":[1,17],"21":[1,17],"22":[18,9],"23":[18,1],"24":[18,1,1],"25":[18,17,16,9],"26":[9,1,1],"27":[9,2],"28":[2,7],"29":[2,7],"30":[1,8],"31":[2,6],"32":[18,1]},"meta":{"lastBranch":33,"lastFunction":35,"lastStatement":122,"seen":{"s:13:23:17:Infinity":0,"f:25:9:25:20":0,"s:26:12:26:Infinity":1,"s:27:8:27:Infinity":2,"s:28:2:28:Infinity":3,"f:37:9:37:24":1,"b:38:2:39:Infinity:undefined:undefined:undefined:undefined":0,"s:38:2:39:Infinity":4,"b:38:6:38:19:38:19:38:Infinity":1,"s:39:4:39:Infinity":5,"b:40:2:41:Infinity:undefined:undefined:undefined:undefined":2,"s:40:2:41:Infinity":6,"b:40:6:40:26:40:26:40:Infinity":3,"s:41:4:41:Infinity":7,"s:42:2:42:Infinity":8,"f:53:9:53:26":2,"s:54:17:54:Infinity":9,"s:55:2:57:Infinity":10,"s:56:4:56:Infinity":11,"b:56:31:56:60:56:60:56:65":4,"s:58:2:58:Infinity":12,"b:58:27:58:58:58:58:58:Infinity":5,"f:66:24:66:36":3,"s:79:4:80:Infinity":13,"s:82:24:82:Infinity":14,"s:83:29:83:Infinity":15,"s:84:22:84:Infinity":16,"s:85:26:85:Infinity":17,"s:88:8:88:Infinity":18,"s:94:8:94:Infinity":19,"s:97:8:97:Infinity":20,"s:98:8:98:Infinity":21,"s:99:8:99:Infinity":22,"s:100:8:100:Infinity":23,"s:103:8:103:Infinity":24,"s:104:8:104:Infinity":25,"s:105:8:105:Infinity":26,"s:106:8:106:Infinity":27,"s:107:2:107:Infinity":28,"f:107:2:107:18":4,"s:107:20:107:54":29,"s:108:2:108:Infinity":30,"f:108:2:108:18":5,"s:108:20:108:55":31,"s:109:2:109:Infinity":32,"f:109:2:109:18":6,"s:109:20:109:51":33,"s:110:2:110:Infinity":34,"f:110:2:110:18":7,"s:110:20:110:50":35,"s:119:8:123:Infinity":36,"f:119:24:119:42":8,"b:120:4:120:Infinity:undefined:undefined:undefined:undefined":6,"s:120:4:120:Infinity":37,"s:120:28:120:Infinity":38,"s:121:48:121:Infinity":39,"s:122:4:122:Infinity":40,"s:125:2:130:Infinity":41,"f:125:2:125:18":9,"s:126:4:126:Infinity":42,"s:127:15:127:Infinity":43,"b:128:4:128:Infinity:undefined:undefined:undefined:undefined":7,"s:128:4:128:Infinity":44,"s:128:27:128:Infinity":45,"s:129:4:129:Infinity":46,"f:129:4:129:17":10,"s:129:17:129:Infinity":47,"s:134:2:139:Infinity":48,"f:134:2:134:18":11,"s:136:14:136:Infinity":49,"f:136:14:136:31":12,"s:136:31:136:80":50,"s:137:4:137:Infinity":51,"f:137:4:137:17":13,"s:137:17:137:Infinity":52,"s:151:8:201:Infinity":53,"f:151:26:151:39":14,"b:152:4:152:Infinity:undefined:undefined:undefined:undefined":8,"s:152:4:152:Infinity":54,"s:152:26:152:Infinity":55,"b:153:4:153:Infinity:undefined:undefined:undefined:undefined":9,"s:153:4:153:Infinity":56,"s:153:22:153:Infinity":57,"s:155:19:155:Infinity":58,"s:156:25:158:Infinity":59,"f:157:7:157:15":15,"s:157:21:157:48":60,"f:158:7:158:12":16,"s:158:19:158:58":61,"s:160:4:165:Infinity":62,"s:166:4:166:Infinity":63,"s:168:4:177:Infinity":64,"f:168:16:168:27":17,"s:169:19:169:Infinity":65,"b:170:6:170:Infinity:undefined:undefined:undefined:undefined":10,"s:170:6:170:Infinity":66,"s:170:25:170:Infinity":67,"s:171:16:171:Infinity":68,"s:172:6:176:Infinity":69,"s:179:4:189:Infinity":70,"f:179:14:179:30":18,"s:180:26:180:Infinity":71,"b:181:6:181:Infinity:undefined:undefined:undefined:undefined":11,"s:181:6:181:Infinity":72,"s:181:20:181:Infinity":73,"s:182:6:182:Infinity":74,"s:183:6:183:Infinity":75,"s:184:6:184:Infinity":76,"s:185:6:185:Infinity":77,"s:186:6:186:Infinity":78,"s:187:6:187:Infinity":79,"s:188:6:188:Infinity":80,"s:191:4:194:Infinity":81,"f:191:16:191:27":19,"b:192:6:192:Infinity:undefined:undefined:undefined:undefined":12,"s:192:6:192:Infinity":82,"s:192:25:192:Infinity":83,"s:193:6:193:Infinity":84,"s:195:4:195:Infinity":85,"f:195:15:195:31":20,"s:195:31:195:Infinity":86,"s:197:4:197:Infinity":87,"s:198:4:198:Infinity":88,"s:199:4:199:Infinity":89,"s:200:4:200:Infinity":90,"s:207:8:219:Infinity":91,"f:207:8:207:28":21,"s:208:17:208:Infinity":92,"b:209:4:209:Infinity:undefined:undefined:undefined:undefined":13,"s:209:4:209:Infinity":93,"s:209:15:209:Infinity":94,"s:210:19:210:Infinity":95,"s:211:4:217:Infinity":96,"f:211:11:211:21":22,"s:212:22:212:Infinity":97,"b:213:6:216:Infinity:undefined:undefined:undefined:undefined":14,"s:213:6:216:Infinity":98,"s:214:8:214:Infinity":99,"s:215:8:215:Infinity":100,"s:218:4:218:Infinity":101,"s:221:8:224:Infinity":102,"f:221:8:221:34":23,"s:222:4:222:Infinity":103,"s:223:4:223:Infinity":104,"s:226:8:226:Infinity":105,"f:226:8:226:28":24,"s:226:28:226:Infinity":106,"s:228:8:231:Infinity":107,"f:228:8:228:30":25,"s:229:4:229:Infinity":108,"s:230:4:230:Infinity":109,"s:233:22:233:Infinity":110,"s:237:2:419:Infinity":111,"b:257:35:257:71:257:71:257:Infinity":15,"f:269:42:269:47":26,"s:270:16:276:Infinity":112,"b:272:83:272:102:272:102:272:Infinity":16,"f:273:18:273:33":27,"s:273:33:273:Infinity":113,"b:275:37:275:44:275:44:275:76":17,"b:275:64:275:71:275:71:275:76":18,"f:284:30:284:35":28,"s:285:16:294:Infinity":114,"b:287:86:287:108:287:108:287:Infinity":19,"f:288:18:288:33":29,"s:288:33:288:Infinity":115,"b:307:65:307:84:307:84:307:Infinity":20,"f:308:16:308:31":30,"s:308:31:308:Infinity":116,"f:308:31:308:47":31,"s:308:53:308:55":117,"b:310:35:310:50:310:50:310:Infinity":21,"b:319:11:319:Infinity:320:12:331:Infinity":22,"b:337:11:337:Infinity:338:12:341:Infinity":23,"b:344:11:344:20:344:20:344:Infinity:345:12:348:Infinity":24,"b:351:11:351:25:351:25:351:35:351:35:351:Infinity:352:12:390:Infinity":25,"b:353:15:353:30:353:30:353:Infinity:354:16:360:22":26,"f:360:22:360:27":32,"s:361:35:361:Infinity":118,"b:361:35:361:63:361:63:361:Infinity":27,"s:362:16:387:Infinity":119,"b:376:68:376:86:376:86:376:Infinity":28,"b:382:43:382:49:382:49:382:Infinity":29,"b:383:38:383:51:383:51:383:Infinity":30,"b:383:64:383:77:383:77:383:Infinity":31,"f:385:20:385:34":33,"s:385:40:385:Infinity":120,"f:386:20:386:35":34,"s:386:41:386:Infinity":121,"b:394:11:394:Infinity:395:12:415:Infinity":32},"fnNames":{}}}
,"/app/src/puzzle/generator.js": {"path":"/app/src/puzzle/generator.js","statementMap":{"0":{"start":{"line":16,"column":15},"end":{"line":16,"column":null}},"1":{"start":{"line":17,"column":2},"end":{"line":22,"column":null}},"2":{"start":{"line":17,"column":15},"end":{"line":17,"column":18}},"3":{"start":{"line":18,"column":4},"end":{"line":18,"column":null}},"4":{"start":{"line":19,"column":4},"end":{"line":21,"column":null}},"5":{"start":{"line":19,"column":17},"end":{"line":19,"column":20}},"6":{"start":{"line":20,"column":6},"end":{"line":20,"column":null}},"7":{"start":{"line":24,"column":2},"end":{"line":54,"column":null}},"8":{"start":{"line":24,"column":15},"end":{"line":24,"column":18}},"9":{"start":{"line":25,"column":4},"end":{"line":53,"column":null}},"10":{"start":{"line":25,"column":17},"end":{"line":25,"column":20}},"11":{"start":{"line":27,"column":6},"end":{"line":31,"column":null}},"12":{"start":{"line":28,"column":8},"end":{"line":28,"column":null}},"13":{"start":{"line":30,"column":8},"end":{"line":30,"column":null}},"14":{"start":{"line":34,"column":6},"end":{"line":38,"column":null}},"15":{"start":{"line":35,"column":8},"end":{"line":35,"column":null}},"16":{"start":{"line":37,"column":8},"end":{"line":37,"column":null}},"17":{"start":{"line":41,"column":6},"end":{"line":45,"column":null}},"18":{"start":{"line":42,"column":8},"end":{"line":42,"column":null}},"19":{"start":{"line":44,"column":8},"end":{"line":44,"column":null}},"20":{"start":{"line":48,"column":6},"end":{"line":52,"column":null}},"21":{"start":{"line":49,"column":8},"end":{"line":49,"column":null}},"22":{"start":{"line":51,"column":8},"end":{"line":51,"column":null}},"23":{"start":{"line":55,"column":2},"end":{"line":55,"column":null}},"24":{"start":{"line":65,"column":2},"end":{"line":75,"column":null}},"25":{"start":{"line":66,"column":4},"end":{"line":74,"column":null}},"26":{"start":{"line":67,"column":18},"end":{"line":67,"column":null}},"27":{"start":{"line":68,"column":6},"end":{"line":68,"column":null}},"28":{"start":{"line":69,"column":6},"end":{"line":69,"column":null}},"29":{"start":{"line":69,"column":25},"end":{"line":69,"column":null}},"30":{"start":{"line":70,"column":6},"end":{"line":70,"column":null}},"31":{"start":{"line":70,"column":29},"end":{"line":70,"column":null}},"32":{"start":{"line":71,"column":6},"end":{"line":71,"column":null}},"33":{"start":{"line":73,"column":6},"end":{"line":73,"column":null}},"34":{"start":{"line":88,"column":2},"end":{"line":88,"column":null}},"35":{"start":{"line":89,"column":2},"end":{"line":89,"column":null}},"36":{"start":{"line":92,"column":2},"end":{"line":102,"column":null}},"37":{"start":{"line":93,"column":4},"end":{"line":93,"column":null}},"38":{"start":{"line":95,"column":16},"end":{"line":95,"column":null}},"39":{"start":{"line":96,"column":4},"end":{"line":96,"column":null}},"40":{"start":{"line":97,"column":4},"end":{"line":97,"column":null}},"41":{"start":{"line":98,"column":4},"end":{"line":98,"column":null}},"42":{"start":{"line":99,"column":4},"end":{"line":99,"column":null}},"43":{"start":{"line":100,"column":4},"end":{"line":100,"column":null}},"44":{"start":{"line":101,"column":4},"end":{"line":101,"column":null}},"45":{"start":{"line":105,"column":2},"end":{"line":115,"column":null}},"46":{"start":{"line":106,"column":4},"end":{"line":106,"column":null}},"47":{"start":{"line":108,"column":16},"end":{"line":108,"column":null}},"48":{"start":{"line":109,"column":4},"end":{"line":109,"column":null}},"49":{"start":{"line":110,"column":4},"end":{"line":110,"column":null}},"50":{"start":{"line":111,"column":4},"end":{"line":111,"column":null}},"51":{"start":{"line":112,"column":4},"end":{"line":112,"column":null}},"52":{"start":{"line":113,"column":4},"end":{"line":113,"column":null}},"53":{"start":{"line":114,"column":4},"end":{"line":114,"column":null}},"54":{"start":{"line":118,"column":2},"end":{"line":128,"column":null}},"55":{"start":{"line":119,"column":4},"end":{"line":119,"column":null}},"56":{"start":{"line":121,"column":16},"end":{"line":121,"column":null}},"57":{"start":{"line":122,"column":4},"end":{"line":122,"column":null}},"58":{"start":{"line":123,"column":4},"end":{"line":123,"column":null}},"59":{"start":{"line":124,"column":4},"end":{"line":124,"column":null}},"60":{"start":{"line":125,"column":4},"end":{"line":125,"column":null}},"61":{"start":{"line":126,"column":4},"end":{"line":126,"column":null}},"62":{"start":{"line":127,"column":4},"end":{"line":127,"column":null}},"63":{"start":{"line":131,"column":2},"end":{"line":141,"column":null}},"64":{"start":{"line":132,"column":4},"end":{"line":132,"column":null}},"65":{"start":{"line":134,"column":16},"end":{"line":134,"column":null}},"66":{"start":{"line":135,"column":4},"end":{"line":135,"column":null}},"67":{"start":{"line":136,"column":4},"end":{"line":136,"column":null}},"68":{"start":{"line":137,"column":4},"end":{"line":137,"column":null}},"69":{"start":{"line":138,"column":4},"end":{"line":138,"column":null}},"70":{"start":{"line":139,"column":4},"end":{"line":139,"column":null}},"71":{"start":{"line":140,"column":4},"end":{"line":140,"column":null}},"72":{"start":{"line":143,"column":2},"end":{"line":143,"column":null}},"73":{"start":{"line":156,"column":16},"end":{"line":156,"column":null}},"74":{"start":{"line":157,"column":16},"end":{"line":157,"column":null}},"75":{"start":{"line":158,"column":19},"end":{"line":158,"column":null}},"76":{"start":{"line":159,"column":20},"end":{"line":159,"column":null}},"77":{"start":{"line":161,"column":2},"end":{"line":165,"column":null}},"78":{"start":{"line":162,"column":18},"end":{"line":162,"column":null}},"79":{"start":{"line":163,"column":4},"end":{"line":163,"column":null}},"80":{"start":{"line":164,"column":4},"end":{"line":164,"column":null}},"81":{"start":{"line":169,"column":23},"end":{"line":169,"column":null}},"82":{"start":{"line":170,"column":2},"end":{"line":170,"column":null}},"83":{"start":{"line":171,"column":2},"end":{"line":171,"column":null}},"84":{"start":{"line":172,"column":20},"end":{"line":172,"column":null}},"85":{"start":{"line":174,"column":2},"end":{"line":176,"column":null}},"86":{"start":{"line":175,"column":4},"end":{"line":175,"column":null}},"87":{"start":{"line":178,"column":2},"end":{"line":178,"column":null}},"88":{"start":{"line":180,"column":17},"end":{"line":180,"column":null}},"89":{"start":{"line":181,"column":17},"end":{"line":181,"column":null}},"90":{"start":{"line":182,"column":16},"end":{"line":182,"column":null}},"91":{"start":{"line":183,"column":14},"end":{"line":183,"column":null}},"92":{"start":{"line":185,"column":19},"end":{"line":185,"column":null}},"93":{"start":{"line":186,"column":17},"end":{"line":186,"column":null}},"94":{"start":{"line":188,"column":2},"end":{"line":254,"column":null}},"95":{"start":{"line":188,"column":15},"end":{"line":188,"column":18}},"96":{"start":{"line":189,"column":4},"end":{"line":253,"column":null}},"97":{"start":{"line":189,"column":17},"end":{"line":189,"column":20}},"98":{"start":{"line":190,"column":20},"end":{"line":190,"column":null}},"99":{"start":{"line":192,"column":26},"end":{"line":192,"column":null}},"100":{"start":{"line":193,"column":6},"end":{"line":193,"column":null}},"101":{"start":{"line":194,"column":6},"end":{"line":194,"column":null}},"102":{"start":{"line":195,"column":18},"end":{"line":195,"column":null}},"103":{"start":{"line":197,"column":6},"end":{"line":199,"column":null}},"104":{"start":{"line":198,"column":8},"end":{"line":198,"column":null}},"105":{"start":{"line":201,"column":23},"end":{"line":201,"column":null}},"106":{"start":{"line":202,"column":23},"end":{"line":202,"column":null}},"107":{"start":{"line":204,"column":6},"end":{"line":204,"column":null}},"108":{"start":{"line":207,"column":6},"end":{"line":207,"column":null}},"109":{"start":{"line":209,"column":26},"end":{"line":209,"column":null}},"110":{"start":{"line":210,"column":6},"end":{"line":224,"column":null}},"111":{"start":{"line":211,"column":8},"end":{"line":211,"column":null}},"112":{"start":{"line":212,"column":8},"end":{"line":212,"column":null}},"113":{"start":{"line":213,"column":8},"end":{"line":213,"column":null}},"114":{"start":{"line":215,"column":8},"end":{"line":215,"column":null}},"115":{"start":{"line":217,"column":8},"end":{"line":217,"column":null}},"116":{"start":{"line":218,"column":8},"end":{"line":218,"column":null}},"117":{"start":{"line":219,"column":8},"end":{"line":219,"column":null}},"118":{"start":{"line":221,"column":8},"end":{"line":221,"column":null}},"119":{"start":{"line":222,"column":8},"end":{"line":222,"column":null}},"120":{"start":{"line":223,"column":8},"end":{"line":223,"column":null}},"121":{"start":{"line":228,"column":6},"end":{"line":228,"column":null}},"122":{"start":{"line":229,"column":6},"end":{"line":229,"column":null}},"123":{"start":{"line":232,"column":6},"end":{"line":239,"column":null}},"124":{"start":{"line":233,"column":8},"end":{"line":233,"column":null}},"125":{"start":{"line":234,"column":8},"end":{"line":234,"column":null}},"126":{"start":{"line":235,"column":8},"end":{"line":235,"column":null}},"127":{"start":{"line":236,"column":8},"end":{"line":236,"column":null}},"128":{"start":{"line":237,"column":8},"end":{"line":237,"column":null}},"129":{"start":{"line":238,"column":8},"end":{"line":238,"column":null}},"130":{"start":{"line":241,"column":6},"end":{"line":252,"column":null}},"131":{"start":{"line":256,"column":2},"end":{"line":260,"column":null}}},"fnMap":{"0":{"name":"generateEdgeGrid","decl":{"start":{"line":15,"column":9},"end":{"line":15,"column":26}},"loc":{"start":{"line":15,"column":38},"end":{"line":56,"column":null}},"line":15},"1":{"name":"loadImage","decl":{"start":{"line":64,"column":16},"end":{"line":64,"column":26}},"loc":{"start":{"line":64,"column":31},"end":{"line":76,"column":null}},"line":64},"2":{"name":"(anonymous_2)","decl":{"start":{"line":65,"column":13},"end":{"line":65,"column":22}},"loc":{"start":{"line":65,"column":42},"end":{"line":75,"column":3}},"line":65},"3":{"name":"(anonymous_3)","decl":{"start":{"line":69,"column":10},"end":{"line":69,"column":25}},"loc":{"start":{"line":69,"column":25},"end":{"line":69,"column":null}},"line":69},"4":{"name":"(anonymous_4)","decl":{"start":{"line":70,"column":10},"end":{"line":70,"column":21}},"loc":{"start":{"line":70,"column":29},"end":{"line":70,"column":null}},"line":70},"5":{"name":"drawJigsawPath","decl":{"start":{"line":87,"column":9},"end":{"line":87,"column":24}},"loc":{"start":{"line":87,"column":49},"end":{"line":144,"column":null}},"line":87},"6":{"name":"generatePuzzlePieces","decl":{"start":{"line":154,"column":16},"end":{"line":154,"column":37}},"loc":{"start":{"line":154,"column":54},"end":{"line":261,"column":null}},"line":154}},"branchMap":{"0":{"loc":{"start":{"line":27,"column":6},"end":{"line":31,"column":null}},"type":"if","locations":[{"start":{"line":27,"column":6},"end":{"line":31,"column":null}},{"start":{"line":29,"column":13},"end":{"line":31,"column":null}}],"line":27},"1":{"loc":{"start":{"line":34,"column":6},"end":{"line":38,"column":null}},"type":"if","locations":[{"start":{"line":34,"column":6},"end":{"line":38,"column":null}},{"start":{"line":36,"column":13},"end":{"line":38,"column":null}}],"line":34},"2":{"loc":{"start":{"line":41,"column":6},"end":{"line":45,"column":null}},"type":"if","locations":[{"start":{"line":41,"column":6},"end":{"line":45,"column":null}},{"start":{"line":43,"column":13},"end":{"line":45,"column":null}}],"line":41},"3":{"loc":{"start":{"line":44,"column":28},"end":{"line":44,"column":null}},"type":"cond-expr","locations":[{"start":{"line":44,"column":50},"end":{"line":44,"column":54}},{"start":{"line":44,"column":54},"end":{"line":44,"column":null}}],"line":44},"4":{"loc":{"start":{"line":48,"column":6},"end":{"line":52,"column":null}},"type":"if","locations":[{"start":{"line":48,"column":6},"end":{"line":52,"column":null}},{"start":{"line":50,"column":13},"end":{"line":52,"column":null}}],"line":48},"5":{"loc":{"start":{"line":51,"column":27},"end":{"line":51,"column":null}},"type":"cond-expr","locations":[{"start":{"line":51,"column":49},"end":{"line":51,"column":53}},{"start":{"line":51,"column":53},"end":{"line":51,"column":null}}],"line":51},"6":{"loc":{"start":{"line":92,"column":2},"end":{"line":102,"column":null}},"type":"if","locations":[{"start":{"line":92,"column":2},"end":{"line":102,"column":null}},{"start":{"line":94,"column":9},"end":{"line":102,"column":null}}],"line":92},"7":{"loc":{"start":{"line":105,"column":2},"end":{"line":115,"column":null}},"type":"if","locations":[{"start":{"line":105,"column":2},"end":{"line":115,"column":null}},{"start":{"line":107,"column":9},"end":{"line":115,"column":null}}],"line":105},"8":{"loc":{"start":{"line":118,"column":2},"end":{"line":128,"column":null}},"type":"if","locations":[{"start":{"line":118,"column":2},"end":{"line":128,"column":null}},{"start":{"line":120,"column":9},"end":{"line":128,"column":null}}],"line":118},"9":{"loc":{"start":{"line":131,"column":2},"end":{"line":141,"column":null}},"type":"if","locations":[{"start":{"line":131,"column":2},"end":{"line":141,"column":null}},{"start":{"line":133,"column":9},"end":{"line":141,"column":null}}],"line":131},"10":{"loc":{"start":{"line":161,"column":2},"end":{"line":165,"column":null}},"type":"if","locations":[{"start":{"line":161,"column":2},"end":{"line":165,"column":null}},{"start":{},"end":{}}],"line":161},"11":{"loc":{"start":{"line":161,"column":6},"end":{"line":161,"column":49}},"type":"binary-expr","locations":[{"start":{"line":161,"column":6},"end":{"line":161,"column":28}},{"start":{"line":161,"column":28},"end":{"line":161,"column":49}}],"line":161},"12":{"loc":{"start":{"line":174,"column":2},"end":{"line":176,"column":null}},"type":"if","locations":[{"start":{"line":174,"column":2},"end":{"line":176,"column":null}},{"start":{},"end":{}}],"line":174},"13":{"loc":{"start":{"line":197,"column":6},"end":{"line":199,"column":null}},"type":"if","locations":[{"start":{"line":197,"column":6},"end":{"line":199,"column":null}},{"start":{},"end":{}}],"line":197},"14":{"loc":{"start":{"line":232,"column":6},"end":{"line":239,"column":null}},"type":"if","locations":[{"start":{"line":232,"column":6},"end":{"line":239,"column":null}},{"start":{},"end":{}}],"line":232}},"s":{"0":4,"1":4,"2":4,"3":9,"4":9,"5":9,"6":21,"7":4,"8":4,"9":9,"10":9,"11":21,"12":9,"13":12,"14":21,"15":9,"16":12,"17":21,"18":9,"19":12,"20":21,"21":9,"22":12,"23":4,"24":2,"25":2,"26":2,"27":2,"28":2,"29":1,"30":2,"31":1,"32":2,"33":0,"34":21,"35":21,"36":21,"37":9,"38":12,"39":12,"40":12,"41":12,"42":12,"43":12,"44":12,"45":21,"46":9,"47":12,"48":12,"49":12,"50":12,"51":12,"52":12,"53":12,"54":21,"55":9,"56":12,"57":12,"58":12,"59":12,"60":12,"61":12,"62":12,"63":21,"64":9,"65":12,"66":12,"67":12,"68":12,"69":12,"70":12,"71":12,"72":21,"73":5,"74":5,"75":5,"76":5,"77":5,"78":4,"79":4,"80":4,"81":5,"82":5,"83":5,"84":5,"85":5,"86":1,"87":4,"88":4,"89":4,"90":4,"91":4,"92":4,"93":4,"94":4,"95":4,"96":9,"97":9,"98":21,"99":21,"100":21,"101":21,"102":21,"103":21,"104":0,"105":21,"106":21,"107":21,"108":21,"109":21,"110":21,"111":21,"112":21,"113":21,"114":0,"115":0,"116":0,"117":0,"118":0,"119":0,"120":0,"121":21,"122":21,"123":21,"124":0,"125":0,"126":0,"127":0,"128":0,"129":0,"130":21,"131":4},"f":{"0":4,"1":2,"2":2,"3":1,"4":1,"5":21,"6":5},"b":{"0":[9,12],"1":[9,12],"2":[9,12],"3":[3,9],"4":[9,12],"5":[3,9],"6":[9,12],"7":[9,12],"8":[9,12],"9":[9,12],"10":[4,1],"11":[5,1],"12":[1,4],"13":[0,21],"14":[0,21]},"meta":{"lastBranch":15,"lastFunction":7,"lastStatement":132,"seen":{"f:15:9:15:26":0,"s:16:15:16:Infinity":0,"s:17:2:22:Infinity":1,"s:17:15:17:18":2,"s:18:4:18:Infinity":3,"s:19:4:21:Infinity":4,"s:19:17:19:20":5,"s:20:6:20:Infinity":6,"s:24:2:54:Infinity":7,"s:24:15:24:18":8,"s:25:4:53:Infinity":9,"s:25:17:25:20":10,"b:27:6:31:Infinity:29:13:31:Infinity":0,"s:27:6:31:Infinity":11,"s:28:8:28:Infinity":12,"s:30:8:30:Infinity":13,"b:34:6:38:Infinity:36:13:38:Infinity":1,"s:34:6:38:Infinity":14,"s:35:8:35:Infinity":15,"s:37:8:37:Infinity":16,"b:41:6:45:Infinity:43:13:45:Infinity":2,"s:41:6:45:Infinity":17,"s:42:8:42:Infinity":18,"s:44:8:44:Infinity":19,"b:44:50:44:54:44:54:44:Infinity":3,"b:48:6:52:Infinity:50:13:52:Infinity":4,"s:48:6:52:Infinity":20,"s:49:8:49:Infinity":21,"s:51:8:51:Infinity":22,"b:51:49:51:53:51:53:51:Infinity":5,"s:55:2:55:Infinity":23,"f:64:16:64:26":1,"s:65:2:75:Infinity":24,"f:65:13:65:22":2,"s:66:4:74:Infinity":25,"s:67:18:67:Infinity":26,"s:68:6:68:Infinity":27,"s:69:6:69:Infinity":28,"f:69:10:69:25":3,"s:69:25:69:Infinity":29,"s:70:6:70:Infinity":30,"f:70:10:70:21":4,"s:70:29:70:Infinity":31,"s:71:6:71:Infinity":32,"s:73:6:73:Infinity":33,"f:87:9:87:24":5,"s:88:2:88:Infinity":34,"s:89:2:89:Infinity":35,"b:92:2:102:Infinity:94:9:102:Infinity":6,"s:92:2:102:Infinity":36,"s:93:4:93:Infinity":37,"s:95:16:95:Infinity":38,"s:96:4:96:Infinity":39,"s:97:4:97:Infinity":40,"s:98:4:98:Infinity":41,"s:99:4:99:Infinity":42,"s:100:4:100:Infinity":43,"s:101:4:101:Infinity":44,"b:105:2:115:Infinity:107:9:115:Infinity":7,"s:105:2:115:Infinity":45,"s:106:4:106:Infinity":46,"s:108:16:108:Infinity":47,"s:109:4:109:Infinity":48,"s:110:4:110:Infinity":49,"s:111:4:111:Infinity":50,"s:112:4:112:Infinity":51,"s:113:4:113:Infinity":52,"s:114:4:114:Infinity":53,"b:118:2:128:Infinity:120:9:128:Infinity":8,"s:118:2:128:Infinity":54,"s:119:4:119:Infinity":55,"s:121:16:121:Infinity":56,"s:122:4:122:Infinity":57,"s:123:4:123:Infinity":58,"s:124:4:124:Infinity":59,"s:125:4:125:Infinity":60,"s:126:4:126:Infinity":61,"s:127:4:127:Infinity":62,"b:131:2:141:Infinity:133:9:141:Infinity":9,"s:131:2:141:Infinity":63,"s:132:4:132:Infinity":64,"s:134:16:134:Infinity":65,"s:135:4:135:Infinity":66,"s:136:4:136:Infinity":67,"s:137:4:137:Infinity":68,"s:138:4:138:Infinity":69,"s:139:4:139:Infinity":70,"s:140:4:140:Infinity":71,"s:143:2:143:Infinity":72,"f:154:16:154:37":6,"s:156:16:156:Infinity":73,"s:157:16:157:Infinity":74,"s:158:19:158:Infinity":75,"s:159:20:159:Infinity":76,"b:161:2:165:Infinity:undefined:undefined:undefined:undefined":10,"s:161:2:165:Infinity":77,"b:161:6:161:28:161:28:161:49":11,"s:162:18:162:Infinity":78,"s:163:4:163:Infinity":79,"s:164:4:164:Infinity":80,"s:169:23:169:Infinity":81,"s:170:2:170:Infinity":82,"s:171:2:171:Infinity":83,"s:172:20:172:Infinity":84,"b:174:2:176:Infinity:undefined:undefined:undefined:undefined":12,"s:174:2:176:Infinity":85,"s:175:4:175:Infinity":86,"s:178:2:178:Infinity":87,"s:180:17:180:Infinity":88,"s:181:17:181:Infinity":89,"s:182:16:182:Infinity":90,"s:183:14:183:Infinity":91,"s:185:19:185:Infinity":92,"s:186:17:186:Infinity":93,"s:188:2:254:Infinity":94,"s:188:15:188:18":95,"s:189:4:253:Infinity":96,"s:189:17:189:20":97,"s:190:20:190:Infinity":98,"s:192:26:192:Infinity":99,"s:193:6:193:Infinity":100,"s:194:6:194:Infinity":101,"s:195:18:195:Infinity":102,"b:197:6:199:Infinity:undefined:undefined:undefined:undefined":13,"s:197:6:199:Infinity":103,"s:198:8:198:Infinity":104,"s:201:23:201:Infinity":105,"s:202:23:202:Infinity":106,"s:204:6:204:Infinity":107,"s:207:6:207:Infinity":108,"s:209:26:209:Infinity":109,"s:210:6:224:Infinity":110,"s:211:8:211:Infinity":111,"s:212:8:212:Infinity":112,"s:213:8:213:Infinity":113,"s:215:8:215:Infinity":114,"s:217:8:217:Infinity":115,"s:218:8:218:Infinity":116,"s:219:8:219:Infinity":117,"s:221:8:221:Infinity":118,"s:222:8:222:Infinity":119,"s:223:8:223:Infinity":120,"s:228:6:228:Infinity":121,"s:229:6:229:Infinity":122,"b:232:6:239:Infinity:undefined:undefined:undefined:undefined":14,"s:232:6:239:Infinity":123,"s:233:8:233:Infinity":124,"s:234:8:234:Infinity":125,"s:235:8:235:Infinity":126,"s:236:8:236:Infinity":127,"s:237:8:237:Infinity":128,"s:238:8:238:Infinity":129,"s:241:6:252:Infinity":130,"s:256:2:260:Infinity":131},"fnNames":{}}}
,"/app/src/puzzle/usePuzzleGame.js": {"path":"/app/src/puzzle/usePuzzleGame.js","statementMap":{"0":{"start":{"line":22,"column":2},"end":{"line":26,"column":null}},"1":{"start":{"line":23,"column":19},"end":{"line":23,"column":null}},"2":{"start":{"line":24,"column":19},"end":{"line":24,"column":null}},"3":{"start":{"line":25,"column":19},"end":{"line":25,"column":null}},"4":{"start":{"line":40,"column":16},"end":{"line":52,"column":null}},"5":{"start":{"line":54,"column":8},"end":{"line":54,"column":null}},"6":{"start":{"line":63,"column":8},"end":{"line":63,"column":null}},"7":{"start":{"line":67,"column":8},"end":{"line":72,"column":null}},"8":{"start":{"line":68,"column":4},"end":{"line":71,"column":null}},"9":{"start":{"line":69,"column":6},"end":{"line":69,"column":null}},"10":{"start":{"line":70,"column":6},"end":{"line":70,"column":null}},"11":{"start":{"line":74,"column":2},"end":{"line":85,"column":null}},"12":{"start":{"line":75,"column":4},"end":{"line":83,"column":null}},"13":{"start":{"line":76,"column":6},"end":{"line":80,"column":null}},"14":{"start":{"line":77,"column":8},"end":{"line":79,"column":null}},"15":{"start":{"line":78,"column":10},"end":{"line":78,"column":null}},"16":{"start":{"line":78,"column":30},"end":{"line":78,"column":77}},"17":{"start":{"line":82,"column":6},"end":{"line":82,"column":null}},"18":{"start":{"line":84,"column":4},"end":{"line":84,"column":null}},"19":{"start":{"line":97,"column":8},"end":{"line":99,"column":null}},"20":{"start":{"line":98,"column":4},"end":{"line":98,"column":null}},"21":{"start":{"line":109,"column":8},"end":{"line":160,"column":null}},"22":{"start":{"line":110,"column":4},"end":{"line":110,"column":null}},"23":{"start":{"line":111,"column":4},"end":{"line":121,"column":null}},"24":{"start":{"line":111,"column":24},"end":{"line":121,"column":6}},"25":{"start":{"line":123,"column":4},"end":{"line":159,"column":null}},"26":{"start":{"line":124,"column":18},"end":{"line":124,"column":null}},"27":{"start":{"line":125,"column":29},"end":{"line":125,"column":null}},"28":{"start":{"line":126,"column":34},"end":{"line":126,"column":null}},"29":{"start":{"line":128,"column":41},"end":{"line":128,"column":null}},"30":{"start":{"line":130,"column":21},"end":{"line":130,"column":null}},"31":{"start":{"line":131,"column":21},"end":{"line":131,"column":null}},"32":{"start":{"line":132,"column":28},"end":{"line":132,"column":null}},"33":{"start":{"line":136,"column":29},"end":{"line":142,"column":null}},"34":{"start":{"line":136,"column":52},"end":{"line":142,"column":8}},"35":{"start":{"line":144,"column":6},"end":{"line":151,"column":null}},"36":{"start":{"line":144,"column":26},"end":{"line":151,"column":8}},"37":{"start":{"line":153,"column":6},"end":{"line":153,"column":null}},"38":{"start":{"line":154,"column":6},"end":{"line":158,"column":null}},"39":{"start":{"line":154,"column":26},"end":{"line":158,"column":8}},"40":{"start":{"line":172,"column":8},"end":{"line":185,"column":null}},"41":{"start":{"line":173,"column":4},"end":{"line":184,"column":null}},"42":{"start":{"line":174,"column":24},"end":{"line":174,"column":null}},"43":{"start":{"line":174,"column":56},"end":{"line":174,"column":65}},"44":{"start":{"line":175,"column":24},"end":{"line":178,"column":null}},"45":{"start":{"line":176,"column":22},"end":{"line":176,"column":null}},"46":{"start":{"line":177,"column":8},"end":{"line":177,"column":null}},"47":{"start":{"line":179,"column":6},"end":{"line":183,"column":null}},"48":{"start":{"line":197,"column":8},"end":{"line":255,"column":null}},"49":{"start":{"line":198,"column":4},"end":{"line":254,"column":null}},"50":{"start":{"line":199,"column":19},"end":{"line":199,"column":null}},"51":{"start":{"line":200,"column":19},"end":{"line":200,"column":null}},"52":{"start":{"line":202,"column":6},"end":{"line":249,"column":null}},"53":{"start":{"line":203,"column":8},"end":{"line":203,"column":null}},"54":{"start":{"line":205,"column":24},"end":{"line":205,"column":null}},"55":{"start":{"line":205,"column":43},"end":{"line":205,"column":54}},"56":{"start":{"line":206,"column":24},"end":{"line":206,"column":null}},"57":{"start":{"line":207,"column":25},"end":{"line":207,"column":null}},"58":{"start":{"line":207,"column":51},"end":{"line":207,"column":75}},"59":{"start":{"line":208,"column":29},"end":{"line":208,"column":null}},"60":{"start":{"line":208,"column":50},"end":{"line":208,"column":71}},"61":{"start":{"line":210,"column":19},"end":{"line":210,"column":null}},"62":{"start":{"line":211,"column":8},"end":{"line":239,"column":null}},"63":{"start":{"line":212,"column":33},"end":{"line":217,"column":null}},"64":{"start":{"line":219,"column":10},"end":{"line":238,"column":null}},"65":{"start":{"line":220,"column":29},"end":{"line":220,"column":null}},"66":{"start":{"line":221,"column":12},"end":{"line":221,"column":null}},"67":{"start":{"line":221,"column":59},"end":{"line":221,"column":null}},"68":{"start":{"line":223,"column":31},"end":{"line":223,"column":null}},"69":{"start":{"line":224,"column":31},"end":{"line":224,"column":null}},"70":{"start":{"line":225,"column":29},"end":{"line":225,"column":null}},"71":{"start":{"line":226,"column":29},"end":{"line":226,"column":null}},"72":{"start":{"line":227,"column":25},"end":{"line":227,"column":null}},"73":{"start":{"line":228,"column":30},"end":{"line":228,"column":null}},"74":{"start":{"line":230,"column":12},"end":{"line":237,"column":null}},"75":{"start":{"line":231,"column":14},"end":{"line":236,"column":null}},"76":{"start":{"line":241,"column":8},"end":{"line":248,"column":null}},"77":{"start":{"line":242,"column":10},"end":{"line":246,"column":null}},"78":{"start":{"line":243,"column":12},"end":{"line":245,"column":null}},"79":{"start":{"line":247,"column":10},"end":{"line":247,"column":null}},"80":{"start":{"line":251,"column":20},"end":{"line":251,"column":null}},"81":{"start":{"line":251,"column":61},"end":{"line":251,"column":92}},"82":{"start":{"line":253,"column":6},"end":{"line":253,"column":null}},"83":{"start":{"line":257,"column":2},"end":{"line":263,"column":null}}},"fnMap":{"0":{"name":"getGridSize","decl":{"start":{"line":21,"column":9},"end":{"line":21,"column":21}},"loc":{"start":{"line":21,"column":33},"end":{"line":27,"column":null}},"line":21},"1":{"name":"usePuzzleGame","decl":{"start":{"line":39,"column":16},"end":{"line":39,"column":32}},"loc":{"start":{"line":39,"column":32},"end":{"line":264,"column":null}},"line":39},"2":{"name":"(anonymous_2)","decl":{"start":{"line":67,"column":20},"end":{"line":67,"column":38}},"loc":{"start":{"line":67,"column":38},"end":{"line":72,"column":5}},"line":67},"3":{"name":"(anonymous_3)","decl":{"start":{"line":74,"column":2},"end":{"line":74,"column":18}},"loc":{"start":{"line":74,"column":18},"end":{"line":85,"column":5}},"line":74},"4":{"name":"(anonymous_4)","decl":{"start":{"line":77,"column":27},"end":{"line":77,"column":45}},"loc":{"start":{"line":77,"column":45},"end":{"line":79,"column":11}},"line":77},"5":{"name":"(anonymous_5)","decl":{"start":{"line":78,"column":10},"end":{"line":78,"column":20}},"loc":{"start":{"line":78,"column":30},"end":{"line":78,"column":77}},"line":78},"6":{"name":"(anonymous_6)","decl":{"start":{"line":97,"column":24},"end":{"line":97,"column":37}},"loc":{"start":{"line":97,"column":46},"end":{"line":99,"column":5}},"line":97},"7":{"name":"(anonymous_7)","decl":{"start":{"line":109,"column":35},"end":{"line":109,"column":42}},"loc":{"start":{"line":109,"column":67},"end":{"line":160,"column":5}},"line":109},"8":{"name":"(anonymous_8)","decl":{"start":{"line":111,"column":4},"end":{"line":111,"column":14}},"loc":{"start":{"line":111,"column":24},"end":{"line":121,"column":6}},"line":111},"9":{"name":"(anonymous_9)","decl":{"start":{"line":136,"column":36},"end":{"line":136,"column":41}},"loc":{"start":{"line":136,"column":52},"end":{"line":142,"column":8}},"line":136},"10":{"name":"(anonymous_10)","decl":{"start":{"line":144,"column":6},"end":{"line":144,"column":16}},"loc":{"start":{"line":144,"column":26},"end":{"line":151,"column":8}},"line":144},"11":{"name":"(anonymous_11)","decl":{"start":{"line":154,"column":6},"end":{"line":154,"column":16}},"loc":{"start":{"line":154,"column":26},"end":{"line":158,"column":8}},"line":154},"12":{"name":"(anonymous_12)","decl":{"start":{"line":172,"column":20},"end":{"line":172,"column":33}},"loc":{"start":{"line":172,"column":58},"end":{"line":185,"column":5}},"line":172},"13":{"name":"(anonymous_13)","decl":{"start":{"line":173,"column":4},"end":{"line":173,"column":14}},"loc":{"start":{"line":173,"column":23},"end":{"line":184,"column":5}},"line":173},"14":{"name":"(anonymous_14)","decl":{"start":{"line":174,"column":45},"end":{"line":174,"column":50}},"loc":{"start":{"line":174,"column":56},"end":{"line":174,"column":65}},"line":174},"15":{"name":"(anonymous_15)","decl":{"start":{"line":175,"column":36},"end":{"line":175,"column":41}},"loc":{"start":{"line":175,"column":51},"end":{"line":178,"column":7}},"line":175},"16":{"name":"(anonymous_16)","decl":{"start":{"line":197,"column":21},"end":{"line":197,"column":34}},"loc":{"start":{"line":197,"column":41},"end":{"line":255,"column":5}},"line":197},"17":{"name":"(anonymous_17)","decl":{"start":{"line":198,"column":4},"end":{"line":198,"column":14}},"loc":{"start":{"line":198,"column":23},"end":{"line":254,"column":5}},"line":198},"18":{"name":"(anonymous_18)","decl":{"start":{"line":205,"column":31},"end":{"line":205,"column":37}},"loc":{"start":{"line":205,"column":43},"end":{"line":205,"column":54}},"line":205},"19":{"name":"(anonymous_19)","decl":{"start":{"line":207,"column":40},"end":{"line":207,"column":45}},"loc":{"start":{"line":207,"column":51},"end":{"line":207,"column":75}},"line":207},"20":{"name":"(anonymous_20)","decl":{"start":{"line":208,"column":36},"end":{"line":208,"column":44}},"loc":{"start":{"line":208,"column":50},"end":{"line":208,"column":71}},"line":208},"21":{"name":"(anonymous_21)","decl":{"start":{"line":242,"column":26},"end":{"line":242,"column":31}},"loc":{"start":{"line":243,"column":12},"end":{"line":245,"column":null}},"line":243},"22":{"name":"(anonymous_22)","decl":{"start":{"line":251,"column":48},"end":{"line":251,"column":55}},"loc":{"start":{"line":251,"column":61},"end":{"line":251,"column":92}},"line":251}},"branchMap":{"0":{"loc":{"start":{"line":22,"column":2},"end":{"line":26,"column":null}},"type":"switch","locations":[{"start":{"line":23,"column":4},"end":{"line":23,"column":null}},{"start":{"line":24,"column":4},"end":{"line":24,"column":null}},{"start":{"line":25,"column":4},"end":{"line":25,"column":null}}],"line":22},"1":{"loc":{"start":{"line":68,"column":4},"end":{"line":71,"column":null}},"type":"if","locations":[{"start":{"line":68,"column":4},"end":{"line":71,"column":null}},{"start":{},"end":{}}],"line":68},"2":{"loc":{"start":{"line":75,"column":4},"end":{"line":83,"column":null}},"type":"if","locations":[{"start":{"line":75,"column":4},"end":{"line":83,"column":null}},{"start":{"line":81,"column":11},"end":{"line":83,"column":null}}],"line":75},"3":{"loc":{"start":{"line":75,"column":8},"end":{"line":75,"column":62}},"type":"binary-expr","locations":[{"start":{"line":75,"column":8},"end":{"line":75,"column":28}},{"start":{"line":75,"column":28},"end":{"line":75,"column":44}},{"start":{"line":75,"column":44},"end":{"line":75,"column":62}}],"line":75},"4":{"loc":{"start":{"line":76,"column":6},"end":{"line":80,"column":null}},"type":"if","locations":[{"start":{"line":76,"column":6},"end":{"line":80,"column":null}},{"start":{},"end":{}}],"line":76},"5":{"loc":{"start":{"line":157,"column":15},"end":{"line":157,"column":null}},"type":"binary-expr","locations":[{"start":{"line":157,"column":15},"end":{"line":157,"column":30}},{"start":{"line":157,"column":30},"end":{"line":157,"column":null}}],"line":157},"6":{"loc":{"start":{"line":177,"column":15},"end":{"line":177,"column":null}},"type":"cond-expr","locations":[{"start":{"line":177,"column":23},"end":{"line":177,"column":82}},{"start":{"line":177,"column":82},"end":{"line":177,"column":null}}],"line":177},"7":{"loc":{"start":{"line":182,"column":20},"end":{"line":182,"column":null}},"type":"cond-expr","locations":[{"start":{"line":182,"column":38},"end":{"line":182,"column":45}},{"start":{"line":182,"column":45},"end":{"line":182,"column":null}}],"line":182},"8":{"loc":{"start":{"line":221,"column":12},"end":{"line":221,"column":null}},"type":"if","locations":[{"start":{"line":221,"column":12},"end":{"line":221,"column":null}},{"start":{},"end":{}}],"line":221},"9":{"loc":{"start":{"line":221,"column":16},"end":{"line":221,"column":59}},"type":"binary-expr","locations":[{"start":{"line":221,"column":16},"end":{"line":221,"column":29}},{"start":{"line":221,"column":29},"end":{"line":221,"column":59}}],"line":221},"10":{"loc":{"start":{"line":228,"column":30},"end":{"line":228,"column":null}},"type":"binary-expr","locations":[{"start":{"line":228,"column":30},"end":{"line":228,"column":54}},{"start":{"line":228,"column":54},"end":{"line":228,"column":null}}],"line":228},"11":{"loc":{"start":{"line":230,"column":12},"end":{"line":237,"column":null}},"type":"if","locations":[{"start":{"line":230,"column":12},"end":{"line":237,"column":null}},{"start":{},"end":{}}],"line":230},"12":{"loc":{"start":{"line":230,"column":16},"end":{"line":230,"column":65}},"type":"binary-expr","locations":[{"start":{"line":230,"column":16},"end":{"line":230,"column":37}},{"start":{"line":230,"column":37},"end":{"line":230,"column":46}},{"start":{"line":230,"column":46},"end":{"line":230,"column":65}}],"line":230},"13":{"loc":{"start":{"line":241,"column":8},"end":{"line":248,"column":null}},"type":"if","locations":[{"start":{"line":241,"column":8},"end":{"line":248,"column":null}},{"start":{},"end":{}}],"line":241},"14":{"loc":{"start":{"line":243,"column":12},"end":{"line":245,"column":null}},"type":"cond-expr","locations":[{"start":{"line":244,"column":16},"end":{"line":244,"column":null}},{"start":{"line":245,"column":16},"end":{"line":245,"column":null}}],"line":243},"15":{"loc":{"start":{"line":251,"column":20},"end":{"line":251,"column":null}},"type":"binary-expr","locations":[{"start":{"line":251,"column":20},"end":{"line":251,"column":41}},{"start":{"line":251,"column":41},"end":{"line":251,"column":null}}],"line":251}},"s":{"0":7,"1":1,"2":1,"3":5,"4":24,"5":24,"6":24,"7":24,"8":34,"9":4,"10":4,"11":24,"12":15,"13":4,"14":4,"15":2,"16":2,"17":11,"18":15,"19":24,"20":1,"21":24,"22":8,"23":8,"24":8,"25":8,"26":8,"27":7,"28":7,"29":7,"30":7,"31":7,"32":7,"33":7,"34":14,"35":7,"36":7,"37":1,"38":1,"39":1,"40":24,"41":5,"42":5,"43":5,"44":5,"45":10,"46":10,"47":5,"48":24,"49":2,"50":2,"51":2,"52":2,"53":4,"54":4,"55":8,"56":4,"57":4,"58":8,"59":4,"60":8,"61":4,"62":4,"63":6,"64":6,"65":24,"66":24,"67":22,"68":2,"69":2,"70":2,"71":2,"72":2,"73":2,"74":24,"75":2,"76":4,"77":2,"78":4,"79":2,"80":2,"81":4,"82":2,"83":24},"f":{"0":7,"1":24,"2":34,"3":15,"4":2,"5":2,"6":1,"7":8,"8":8,"9":14,"10":7,"11":1,"12":5,"13":5,"14":5,"15":10,"16":2,"17":2,"18":8,"19":8,"20":8,"21":4,"22":4},"b":{"0":[1,1,5],"1":[4,30],"2":[4,11],"3":[15,6,4],"4":[4,0],"5":[1,0],"6":[5,5],"7":[1,4],"8":[22,2],"9":[24,6],"10":[2,0],"11":[2,22],"12":[24,2,0],"13":[2,2],"14":[2,2],"15":[2,2]},"meta":{"lastBranch":16,"lastFunction":23,"lastStatement":84,"seen":{"f:21:9:21:21":0,"b:23:4:23:Infinity:24:4:24:Infinity:25:4:25:Infinity":0,"s:22:2:26:Infinity":0,"s:23:19:23:Infinity":1,"s:24:19:24:Infinity":2,"s:25:19:25:Infinity":3,"f:39:16:39:32":1,"s:40:16:52:Infinity":4,"s:54:8:54:Infinity":5,"s:63:8:63:Infinity":6,"s:67:8:72:Infinity":7,"f:67:20:67:38":2,"b:68:4:71:Infinity:undefined:undefined:undefined:undefined":1,"s:68:4:71:Infinity":8,"s:69:6:69:Infinity":9,"s:70:6:70:Infinity":10,"s:74:2:85:Infinity":11,"f:74:2:74:18":3,"b:75:4:83:Infinity:81:11:83:Infinity":2,"s:75:4:83:Infinity":12,"b:75:8:75:28:75:28:75:44:75:44:75:62":3,"b:76:6:80:Infinity:undefined:undefined:undefined:undefined":4,"s:76:6:80:Infinity":13,"s:77:8:79:Infinity":14,"f:77:27:77:45":4,"s:78:10:78:Infinity":15,"f:78:10:78:20":5,"s:78:30:78:77":16,"s:82:6:82:Infinity":17,"s:84:4:84:Infinity":18,"s:97:8:99:Infinity":19,"f:97:24:97:37":6,"s:98:4:98:Infinity":20,"s:109:8:160:Infinity":21,"f:109:35:109:42":7,"s:110:4:110:Infinity":22,"s:111:4:121:Infinity":23,"f:111:4:111:14":8,"s:111:24:121:6":24,"s:123:4:159:Infinity":25,"s:124:18:124:Infinity":26,"s:125:29:125:Infinity":27,"s:126:34:126:Infinity":28,"s:128:41:128:Infinity":29,"s:130:21:130:Infinity":30,"s:131:21:131:Infinity":31,"s:132:28:132:Infinity":32,"s:136:29:142:Infinity":33,"f:136:36:136:41":9,"s:136:52:142:8":34,"s:144:6:151:Infinity":35,"f:144:6:144:16":10,"s:144:26:151:8":36,"s:153:6:153:Infinity":37,"s:154:6:158:Infinity":38,"f:154:6:154:16":11,"s:154:26:158:8":39,"b:157:15:157:30:157:30:157:Infinity":5,"s:172:8:185:Infinity":40,"f:172:20:172:33":12,"s:173:4:184:Infinity":41,"f:173:4:173:14":13,"s:174:24:174:Infinity":42,"f:174:45:174:50":14,"s:174:56:174:65":43,"s:175:24:178:Infinity":44,"f:175:36:175:41":15,"s:176:22:176:Infinity":45,"s:177:8:177:Infinity":46,"b:177:23:177:82:177:82:177:Infinity":6,"s:179:6:183:Infinity":47,"b:182:38:182:45:182:45:182:Infinity":7,"s:197:8:255:Infinity":48,"f:197:21:197:34":16,"s:198:4:254:Infinity":49,"f:198:4:198:14":17,"s:199:19:199:Infinity":50,"s:200:19:200:Infinity":51,"s:202:6:249:Infinity":52,"s:203:8:203:Infinity":53,"s:205:24:205:Infinity":54,"f:205:31:205:37":18,"s:205:43:205:54":55,"s:206:24:206:Infinity":56,"s:207:25:207:Infinity":57,"f:207:40:207:45":19,"s:207:51:207:75":58,"s:208:29:208:Infinity":59,"f:208:36:208:44":20,"s:208:50:208:71":60,"s:210:19:210:Infinity":61,"s:211:8:239:Infinity":62,"s:212:33:217:Infinity":63,"s:219:10:238:Infinity":64,"s:220:29:220:Infinity":65,"b:221:12:221:Infinity:undefined:undefined:undefined:undefined":8,"s:221:12:221:Infinity":66,"b:221:16:221:29:221:29:221:59":9,"s:221:59:221:Infinity":67,"s:223:31:223:Infinity":68,"s:224:31:224:Infinity":69,"s:225:29:225:Infinity":70,"s:226:29:226:Infinity":71,"s:227:25:227:Infinity":72,"s:228:30:228:Infinity":73,"b:228:30:228:54:228:54:228:Infinity":10,"b:230:12:237:Infinity:undefined:undefined:undefined:undefined":11,"s:230:12:237:Infinity":74,"b:230:16:230:37:230:37:230:46:230:46:230:65":12,"s:231:14:236:Infinity":75,"b:241:8:248:Infinity:undefined:undefined:undefined:undefined":13,"s:241:8:248:Infinity":76,"s:242:10:246:Infinity":77,"f:242:26:242:31":21,"s:243:12:245:Infinity":78,"b:244:16:244:Infinity:245:16:245:Infinity":14,"s:247:10:247:Infinity":79,"s:251:20:251:Infinity":80,"b:251:20:251:41:251:41:251:Infinity":15,"f:251:48:251:55":22,"s:251:61:251:92":81,"s:253:6:253:Infinity":82,"s:257:2:263:Infinity":83},"fnNames":{}}}
}
